android/app/build/outputs/logs/manifest-merger-debug-report.txt
-- Merging decision tree log ---
manifest
ADDED from src\main\AndroidManifest.xml:1:1-49:12
INJECTED from src\main\AndroidManifest.xml:1:1-49:12
INJECTED from src\main\AndroidManifest.xml:1:1-49:12
INJECTED from src\main\AndroidManifest.xml:1:1-49:12
MERGED from src\main\AndroidManifest.xml:1:1-49:12
MERGED from [:cloud_firestore] AndroidManifest.xml:2:1-15:12
MERGED from [:firebase_auth] AndroidManifest.xml:2:1-15:12
MERGED from [:firebase_storage] AndroidManifest.xml:2:1-15:12
MERGED from [:firebase_core] AndroidManifest.xml:2:1-15:12
MERGED from [:image_picker] AndroidManifest.xml:2:1-19:12
MERGED from [:flutter_plugin_android_lifecycle] AndroidManifest.xml:2:1-7:12
MERGED from [:url_launcher_android] AndroidManifest.xml:2:1-14:12
MERGED from [:flutter_chat_bubble] AndroidManifest.xml:2:1-7:12
MERGED from [:flutter_inappwebview] AndroidManifest.xml:2:1-29:12
MERGED from [:agora_rtc_engine] AndroidManifest.xml:2:1-23:12
MERGED from [:permission_handler] AndroidManifest.xml:2:1-7:12
MERGED from [:google_sign_in] AndroidManifest.xml:2:1-9:12
MERGED from [com.google.firebase:firebase-analytics:20.0.0] AndroidManifest.xml:2:1-9:12
MERGED from [com.google.firebase:firebase-inappmessaging-display:20.1.1] AndroidManifest.xml:2:1-32:12
MERGED from [com.google.firebase:firebase-firestore:24.0.0] AndroidManifest.xml:2:1-26:12
MERGED from [io.grpc:grpc-android:1.41.0] AndroidManifest.xml:2:1-13:12
MERGED from [com.google.firebase:firebase-inappmessaging:20.1.1] AndroidManifest.xml:2:1-23:12
MERGED from [com.google.firebase:firebase-datatransport:18.1.0] AndroidManifest.xml:15:1-34:12
MERGED from [com.google.android.datatransport:transport-backend-cct:3.1.0] AndroidManifest.xml:15:1-38:12
MERGED from [com.google.android.datatransport:transport-runtime:3.1.0] AndroidManifest.xml:15:1-41:12
MERGED from [com.google.firebase:firebase-encoders-json:18.0.0] AndroidManifest.xml:15:1-23:12
MERGED from [com.google.firebase:firebase-auth:21.0.1] AndroidManifest.xml:17:1-83:12
MERGED from [com.google.firebase:firebase-storage:20.0.0] AndroidManifest.xml:15:1-39:12
MERGED from [com.google.android.gms:play-services-measurement-api:20.0.0] AndroidManifest.xml:17:1-36:12
MERGED from [com.google.firebase:firebase-appcheck-interop:16.0.0-beta02] AndroidManifest.xml:15:1-26:12
MERGED from [com.google.firebase:firebase-auth-interop:20.0.0] AndroidManifest.xml:2:1-10:12
MERGED from [com.google.firebase:firebase-installations:17.0.0] AndroidManifest.xml:2:1-24:12
MERGED from [com.google.firebase:firebase-abt:21.0.0] AndroidManifest.xml:2:1-19:12
MERGED from [com.google.firebase:firebase-common:20.0.0] AndroidManifest.xml:15:1-40:12
MERGED from [com.github.bumptech.glide:glide:4.11.0] AndroidManifest.xml:2:1-12:12
MERGED from [androidx.exifinterface:exifinterface:1.3.0] AndroidManifest.xml:17:1-24:12
MERGED from [androidx.webkit:webkit:1.4.0] AndroidManifest.xml:17:1-24:12
MERGED from [androidx.browser:browser:1.3.0] AndroidManifest.xml:17:1-24:12
MERGED from [androidx.appcompat:appcompat:1.2.0] AndroidManifest.xml:17:1-24:12
MERGED from [androidx.legacy:legacy-support-v4:1.0.0] AndroidManifest.xml:17:1-22:12
MERGED from [androidx.legacy:legacy-support-core-ui:1.0.0] AndroidManifest.xml:17:1-22:12
MERGED from [androidx.swiperefreshlayout:swiperefreshlayout:1.1.0] AndroidManifest.xml:17:1-24:12
MERGED from [androidx.cardview:cardview:1.0.0] AndroidManifest.xml:17:1-22:12
MERGED from [com.google.firebase:firebase-components:17.0.0] AndroidManifest.xml:15:1-23:12
MERGED from [com.google.android.gms:play-services-auth:16.0.1] AndroidManifest.xml:17:1-39:12
MERGED from [com.google.firebase:firebase-database-collection:18.0.0] AndroidManifest.xml:2:1-9:12
MERGED from [com.google.android.gms:play-services-auth-api-phone:17.4.0] AndroidManifest.xml:2:1-7:12
MERGED from [com.google.android.gms:play-services-safetynet:17.0.0] AndroidManifest.xml:17:1-24:12
MERGED from [com.google.android.gms:play-services-auth-base:16.0.0] AndroidManifest.xml:2:1-7:12
MERGED from [com.google.android.gms:play-services-base:17.1.0] AndroidManifest.xml:17:1-29:12
MERGED from [com.google.android.gms:play-services-measurement:20.0.0] AndroidManifest.xml:17:1-46:12
MERGED from [com.google.android.gms:play-services-measurement-sdk:20.0.0] AndroidManifest.xml:17:1-25:12
MERGED from [com.google.firebase:firebase-installations-interop:17.0.0] AndroidManifest.xml:15:1-23:12
MERGED from [com.google.android.gms:play-services-tasks:17.1.0] AndroidManifest.xml:2:1-9:12
MERGED from [com.google.android.gms:play-services-measurement-impl:20.0.0] AndroidManifest.xml:17:1-31:12
MERGED from [com.google.android.gms:play-services-ads-identifier:17.0.0] AndroidManifest.xml:17:1-24:12
MERGED from [com.google.android.gms:play-services-measurement-sdk-api:20.0.0] AndroidManifest.xml:17:1-27:12
MERGED from [com.google.android.gms:play-services-measurement-base:20.0.0] AndroidManifest.xml:2:1-9:12
MERGED from [com.google.android.gms:play-services-stats:17.0.0] AndroidManifest.xml:2:1-9:12
MERGED from [com.google.firebase:firebase-measurement-connector:19.0.0] AndroidManifest.xml:17:1-25:12
MERGED from [com.google.android.gms:play-services-basement:17.3.0] AndroidManifest.xml:17:1-28:12
MERGED from [androidx.fragment:fragment:1.1.0] AndroidManifest.xml:17:1-24:12
MERGED from [androidx.appcompat:appcompat-resources:1.2.0] AndroidManifest.xml:17:1-24:12
MERGED from [androidx.drawerlayout:drawerlayout:1.0.0] AndroidManifest.xml:17:1-22:12
MERGED from [androidx.legacy:legacy-support-core-utils:1.0.0] AndroidManifest.xml:17:1-22:12
MERGED from [androidx.media:media:1.0.0] AndroidManifest.xml:17:1-22:12
MERGED from [androidx.viewpager:viewpager:1.0.0] AndroidManifest.xml:17:1-22:12
MERGED from [androidx.loader:loader:1.0.0] AndroidManifest.xml:17:1-22:12
MERGED from [androidx.activity:activity:1.0.0] AndroidManifest.xml:17:1-24:12
MERGED from [androidx.vectordrawable:vectordrawable-animated:1.1.0] AndroidManifest.xml:17:1-24:12
MERGED from [androidx.vectordrawable:vectordrawable:1.1.0] AndroidManifest.xml:17:1-24:12
MERGED from [androidx.coordinatorlayout:coordinatorlayout:1.0.0] AndroidManifest.xml:17:1-22:12
MERGED from [androidx.slidingpanelayout:slidingpanelayout:1.0.0] AndroidManifest.xml:17:1-22:12
MERGED from [androidx.customview:customview:1.0.0] AndroidManifest.xml:17:1-22:12
MERGED from [androidx.asynclayoutinflater:asynclayoutinflater:1.0.0] AndroidManifest.xml:17:1-22:12
MERGED from [androidx.core:core:1.6.0] AndroidManifest.xml:17:1-26:12
MERGED from [androidx.lifecycle:lifecycle-runtime:2.2.0] AndroidManifest.xml:17:1-24:12
MERGED from [androidx.savedstate:savedstate:1.0.0] AndroidManifest.xml:17:1-24:12
MERGED from [androidx.lifecycle:lifecycle-livedata:2.0.0] AndroidManifest.xml:17:1-22:12
MERGED from [androidx.lifecycle:lifecycle-livedata-core:2.0.0] AndroidManifest.xml:17:1-22:12
MERGED from [androidx.tracing:tracing:1.0.0] AndroidManifest.xml:17:1-24:12
MERGED from [androidx.versionedparcelable:versionedparcelable:1.1.1] AndroidManifest.xml:17:1-27:12
MERGED from [androidx.interpolator:interpolator:1.0.0] AndroidManifest.xml:17:1-22:12
MERGED from [androidx.cursoradapter:cursoradapter:1.0.0] AndroidManifest.xml:17:1-22:12
MERGED from [androidx.localbroadcastmanager:localbroadcastmanager:1.0.0] AndroidManifest.xml:17:1-22:12
MERGED from [com.github.bumptech.glide:gifdecoder:4.11.0] AndroidManifest.xml:2:1-11:12
MERGED from [com.google.android.datatransport:transport-api:3.0.0] AndroidManifest.xml:15:1-22:12
MERGED from [androidx.arch.core:core-runtime:2.0.0] AndroidManifest.xml:17:1-22:12
MERGED from [androidx.documentfile:documentfile:1.0.0] AndroidManifest.xml:17:1-22:12
MERGED from [androidx.print:print:1.0.0] AndroidManifest.xml:17:1-22:12
MERGED from [androidx.lifecycle:lifecycle-viewmodel:2.1.0] AndroidManifest.xml:17:1-22:12
MERGED from [com.github.agorabuilder:native-full-sdk:3.4.6] AndroidManifest.xml:2:1-11:12
MERGED from [androidx.constraintlayout:constraintlayout:1.1.3] AndroidManifest.xml:2:1-11:12
MERGED from [com.google.firebase:protolite-well-known-types:18.0.0] AndroidManifest.xml:2:1-11:12
MERGED from [io.reactivex.rxjava2:rxandroid:2.0.2] AndroidManifest.xml:15:1-21:12
MERGED from [androidx.annotation:annotation-experimental:1.1.0] AndroidManifest.xml:17:1-24:12
INJECTED from src\debug\AndroidManifest.xml:1:1-7:12
INJECTED from src\debug\AndroidManifest.xml:1:1-7:12
INJECTED from src\debug\AndroidManifest.xml:1:1-7:12
	package
		ADDED from src\main\AndroidManifest.xml:2:5-37
		INJECTED from src\main\AndroidManifest.xml
		INJECTED from src\debug\AndroidManifest.xml
	android:versionName
		INJECTED from src\main\AndroidManifest.xml
		ADDED from src\main\AndroidManifest.xml:1:1-49:12
		INJECTED from src\debug\AndroidManifest.xml
	android:versionCode
		INJECTED from src\main\AndroidManifest.xml
		ADDED from src\main\AndroidManifest.xml:1:1-49:12
		INJECTED from src\debug\AndroidManifest.xml
	xmlns:android
		ADDED from src\main\AndroidManifest.xml:1:11-69
uses-permission#android.permission.READ_PHONE_STATE
ADDED from src\main\AndroidManifest.xml:3:5-74
MERGED from [:agora_rtc_engine] AndroidManifest.xml:10:5-75
MERGED from [:agora_rtc_engine] AndroidManifest.xml:10:5-75
	android:name
		ADDED from src\main\AndroidManifest.xml:3:22-72
uses-permission#android.permission.INTERNET
ADDED from src\main\AndroidManifest.xml:4:5-67
MERGED from src\main\AndroidManifest.xml:4:5-67
MERGED from src\main\AndroidManifest.xml:4:5-67
MERGED from [:agora_rtc_engine] AndroidManifest.xml:11:5-67
MERGED from [:agora_rtc_engine] AndroidManifest.xml:11:5-67
MERGED from [:google_sign_in] AndroidManifest.xml:7:5-67
MERGED from [:google_sign_in] AndroidManifest.xml:7:5-67
MERGED from [com.google.firebase:firebase-inappmessaging-display:20.1.1] AndroidManifest.xml:12:5-67
MERGED from [com.google.firebase:firebase-inappmessaging-display:20.1.1] AndroidManifest.xml:12:5-67
MERGED from [com.google.firebase:firebase-firestore:24.0.0] AndroidManifest.xml:14:5-67
MERGED from [com.google.firebase:firebase-firestore:24.0.0] AndroidManifest.xml:14:5-67
MERGED from [com.google.firebase:firebase-inappmessaging:20.1.1] AndroidManifest.xml:11:5-67
MERGED from [com.google.firebase:firebase-inappmessaging:20.1.1] AndroidManifest.xml:11:5-67
MERGED from [com.google.android.datatransport:transport-backend-cct:3.1.0] AndroidManifest.xml:26:5-67
MERGED from [com.google.android.datatransport:transport-backend-cct:3.1.0] AndroidManifest.xml:26:5-67
MERGED from [com.google.firebase:firebase-auth:21.0.1] AndroidManifest.xml:23:5-67
MERGED from [com.google.firebase:firebase-auth:21.0.1] AndroidManifest.xml:23:5-67
MERGED from [com.google.firebase:firebase-storage:20.0.0] AndroidManifest.xml:27:5-67
MERGED from [com.google.firebase:firebase-storage:20.0.0] AndroidManifest.xml:27:5-67
MERGED from [com.google.android.gms:play-services-measurement-api:20.0.0] AndroidManifest.xml:22:5-67
MERGED from [com.google.android.gms:play-services-measurement-api:20.0.0] AndroidManifest.xml:22:5-67
MERGED from [com.google.firebase:firebase-installations:17.0.0] AndroidManifest.xml:11:5-67
MERGED from [com.google.firebase:firebase-installations:17.0.0] AndroidManifest.xml:11:5-67
MERGED from [com.google.android.gms:play-services-measurement:20.0.0] AndroidManifest.xml:23:5-67
MERGED from [com.google.android.gms:play-services-measurement:20.0.0] AndroidManifest.xml:23:5-67
MERGED from [com.google.android.gms:play-services-measurement-impl:20.0.0] AndroidManifest.xml:23:5-67
MERGED from [com.google.android.gms:play-services-measurement-impl:20.0.0] AndroidManifest.xml:23:5-67
MERGED from [com.google.android.gms:play-services-measurement-sdk-api:20.0.0] AndroidManifest.xml:23:5-67
MERGED from [com.google.android.gms:play-services-measurement-sdk-api:20.0.0] AndroidManifest.xml:23:5-67
	android:name
		ADDED from src\main\AndroidManifest.xml:4:22-64
uses-permission#android.permission.RECORD_AUDIO
ADDED from src\main\AndroidManifest.xml:5:5-71
MERGED from [:agora_rtc_engine] AndroidManifest.xml:12:5-71
MERGED from [:agora_rtc_engine] AndroidManifest.xml:12:5-71
	android:name
		ADDED from src\main\AndroidManifest.xml:5:22-68
uses-permission#android.permission.CAMERA
ADDED from src\main\AndroidManifest.xml:6:5-65
MERGED from [:agora_rtc_engine] AndroidManifest.xml:13:5-65
MERGED from [:agora_rtc_engine] AndroidManifest.xml:13:5-65
	android:name
		ADDED from src\main\AndroidManifest.xml:6:22-62
uses-permission#android.permission.MODIFY_AUDIO_SETTINGS
ADDED from src\main\AndroidManifest.xml:7:5-80
MERGED from [:agora_rtc_engine] AndroidManifest.xml:14:5-80
MERGED from [:agora_rtc_engine] AndroidManifest.xml:14:5-80
	android:name
		ADDED from src\main\AndroidManifest.xml:7:22-77
uses-permission#android.permission.ACCESS_NETWORK_STATE
ADDED from src\main\AndroidManifest.xml:8:5-79
MERGED from [:agora_rtc_engine] AndroidManifest.xml:15:5-79
MERGED from [:agora_rtc_engine] AndroidManifest.xml:15:5-79
MERGED from [com.google.firebase:firebase-inappmessaging-display:20.1.1] AndroidManifest.xml:11:5-79
MERGED from [com.google.firebase:firebase-inappmessaging-display:20.1.1] AndroidManifest.xml:11:5-79
MERGED from [com.google.firebase:firebase-firestore:24.0.0] AndroidManifest.xml:13:5-79
MERGED from [com.google.firebase:firebase-firestore:24.0.0] AndroidManifest.xml:13:5-79
MERGED from [io.grpc:grpc-android:1.41.0] AndroidManifest.xml:11:5-79
MERGED from [io.grpc:grpc-android:1.41.0] AndroidManifest.xml:11:5-79
MERGED from [com.google.firebase:firebase-inappmessaging:20.1.1] AndroidManifest.xml:10:5-79
MERGED from [com.google.firebase:firebase-inappmessaging:20.1.1] AndroidManifest.xml:10:5-79
MERGED from [com.google.android.datatransport:transport-backend-cct:3.1.0] AndroidManifest.xml:25:5-79
MERGED from [com.google.android.datatransport:transport-backend-cct:3.1.0] AndroidManifest.xml:25:5-79
MERGED from [com.google.android.datatransport:transport-runtime:3.1.0] AndroidManifest.xml:22:5-79
MERGED from [com.google.android.datatransport:transport-runtime:3.1.0] AndroidManifest.xml:22:5-79
MERGED from [com.google.firebase:firebase-auth:21.0.1] AndroidManifest.xml:24:5-79
MERGED from [com.google.firebase:firebase-auth:21.0.1] AndroidManifest.xml:24:5-79
MERGED from [com.google.firebase:firebase-storage:20.0.0] AndroidManifest.xml:26:5-79
MERGED from [com.google.firebase:firebase-storage:20.0.0] AndroidManifest.xml:26:5-79
MERGED from [com.google.android.gms:play-services-measurement-api:20.0.0] AndroidManifest.xml:23:5-79
MERGED from [com.google.android.gms:play-services-measurement-api:20.0.0] AndroidManifest.xml:23:5-79
MERGED from [com.google.firebase:firebase-installations:17.0.0] AndroidManifest.xml:10:5-79
MERGED from [com.google.firebase:firebase-installations:17.0.0] AndroidManifest.xml:10:5-79
MERGED from [com.google.android.gms:play-services-measurement:20.0.0] AndroidManifest.xml:24:5-79
MERGED from [com.google.android.gms:play-services-measurement:20.0.0] AndroidManifest.xml:24:5-79
MERGED from [com.google.android.gms:play-services-measurement-impl:20.0.0] AndroidManifest.xml:24:5-79
MERGED from [com.google.android.gms:play-services-measurement-impl:20.0.0] AndroidManifest.xml:24:5-79
MERGED from [com.google.android.gms:play-services-measurement-sdk-api:20.0.0] AndroidManifest.xml:24:5-79
MERGED from [com.google.android.gms:play-services-measurement-sdk-api:20.0.0] AndroidManifest.xml:24:5-79
	android:name
		ADDED from src\main\AndroidManifest.xml:8:22-76
uses-permission#android.permission.BLUETOOTH
ADDED from src\main\AndroidManifest.xml:11:5-68
MERGED from [:agora_rtc_engine] AndroidManifest.xml:16:5-68
MERGED from [:agora_rtc_engine] AndroidManifest.xml:16:5-68
	android:name
		ADDED from src\main\AndroidManifest.xml:11:22-65
application
ADDED from src\main\AndroidManifest.xml:13:5-48:19
MERGED from [:cloud_firestore] AndroidManifest.xml:7:5-13:19
MERGED from [:cloud_firestore] AndroidManifest.xml:7:5-13:19
MERGED from [:firebase_auth] AndroidManifest.xml:7:5-13:19
MERGED from [:firebase_auth] AndroidManifest.xml:7:5-13:19
MERGED from [:firebase_storage] AndroidManifest.xml:7:5-13:19
MERGED from [:firebase_storage] AndroidManifest.xml:7:5-13:19
MERGED from [:firebase_core] AndroidManifest.xml:7:5-13:19
MERGED from [:firebase_core] AndroidManifest.xml:7:5-13:19
MERGED from [:image_picker] AndroidManifest.xml:7:5-17:19
MERGED from [:image_picker] AndroidManifest.xml:7:5-17:19
MERGED from [:url_launcher_android] AndroidManifest.xml:7:5-12:19
MERGED from [:url_launcher_android] AndroidManifest.xml:7:5-12:19
MERGED from [:flutter_inappwebview] AndroidManifest.xml:13:5-27:19
MERGED from [:flutter_inappwebview] AndroidManifest.xml:13:5-27:19
MERGED from [com.google.firebase:firebase-analytics:20.0.0] AndroidManifest.xml:7:5-20
MERGED from [com.google.firebase:firebase-analytics:20.0.0] AndroidManifest.xml:7:5-20
MERGED from [com.google.firebase:firebase-inappmessaging-display:20.1.1] AndroidManifest.xml:22:5-30:19
MERGED from [com.google.firebase:firebase-inappmessaging-display:20.1.1] AndroidManifest.xml:22:5-30:19
MERGED from [com.google.firebase:firebase-firestore:24.0.0] AndroidManifest.xml:16:5-24:19
MERGED from [com.google.firebase:firebase-firestore:24.0.0] AndroidManifest.xml:16:5-24:19
MERGED from [com.google.firebase:firebase-inappmessaging:20.1.1] AndroidManifest.xml:13:5-21:19
MERGED from [com.google.firebase:firebase-inappmessaging:20.1.1] AndroidManifest.xml:13:5-21:19
MERGED from [com.google.firebase:firebase-datatransport:18.1.0] AndroidManifest.xml:24:5-32:19
MERGED from [com.google.firebase:firebase-datatransport:18.1.0] AndroidManifest.xml:24:5-32:19
MERGED from [com.google.android.datatransport:transport-backend-cct:3.1.0] AndroidManifest.xml:28:5-36:19
MERGED from [com.google.android.datatransport:transport-backend-cct:3.1.0] AndroidManifest.xml:28:5-36:19
MERGED from [com.google.android.datatransport:transport-runtime:3.1.0] AndroidManifest.xml:25:5-39:19
MERGED from [com.google.android.datatransport:transport-runtime:3.1.0] AndroidManifest.xml:25:5-39:19
MERGED from [com.google.firebase:firebase-auth:21.0.1] AndroidManifest.xml:26:5-81:19
MERGED from [com.google.firebase:firebase-auth:21.0.1] AndroidManifest.xml:26:5-81:19
MERGED from [com.google.firebase:firebase-storage:20.0.0] AndroidManifest.xml:29:5-37:19
MERGED from [com.google.firebase:firebase-storage:20.0.0] AndroidManifest.xml:29:5-37:19
MERGED from [com.google.android.gms:play-services-measurement-api:20.0.0] AndroidManifest.xml:26:5-34:19
MERGED from [com.google.android.gms:play-services-measurement-api:20.0.0] AndroidManifest.xml:26:5-34:19
MERGED from [com.google.firebase:firebase-appcheck-interop:16.0.0-beta02] AndroidManifest.xml:24:5-20
MERGED from [com.google.firebase:firebase-appcheck-interop:16.0.0-beta02] AndroidManifest.xml:24:5-20
MERGED from [com.google.firebase:firebase-auth-interop:20.0.0] AndroidManifest.xml:7:5-8:19
MERGED from [com.google.firebase:firebase-auth-interop:20.0.0] AndroidManifest.xml:7:5-8:19
MERGED from [com.google.firebase:firebase-installations:17.0.0] AndroidManifest.xml:14:5-22:19
MERGED from [com.google.firebase:firebase-installations:17.0.0] AndroidManifest.xml:14:5-22:19
MERGED from [com.google.firebase:firebase-abt:21.0.0] AndroidManifest.xml:11:5-17:19
MERGED from [com.google.firebase:firebase-abt:21.0.0] AndroidManifest.xml:11:5-17:19
MERGED from [com.google.firebase:firebase-common:20.0.0] AndroidManifest.xml:25:5-38:19
MERGED from [com.google.firebase:firebase-common:20.0.0] AndroidManifest.xml:25:5-38:19
MERGED from [com.github.bumptech.glide:glide:4.11.0] AndroidManifest.xml:10:5-20
MERGED from [com.github.bumptech.glide:glide:4.11.0] AndroidManifest.xml:10:5-20
MERGED from [com.google.android.gms:play-services-auth:16.0.1] AndroidManifest.xml:22:5-37:19
MERGED from [com.google.android.gms:play-services-auth:16.0.1] AndroidManifest.xml:22:5-37:19
MERGED from [com.google.android.gms:play-services-safetynet:17.0.0] AndroidManifest.xml:22:5-20
MERGED from [com.google.android.gms:play-services-safetynet:17.0.0] AndroidManifest.xml:22:5-20
MERGED from [com.google.android.gms:play-services-base:17.1.0] AndroidManifest.xml:22:5-27:19
MERGED from [com.google.android.gms:play-services-base:17.1.0] AndroidManifest.xml:22:5-27:19
MERGED from [com.google.android.gms:play-services-measurement:20.0.0] AndroidManifest.xml:28:5-44:19
MERGED from [com.google.android.gms:play-services-measurement:20.0.0] AndroidManifest.xml:28:5-44:19
MERGED from [com.google.android.gms:play-services-measurement-sdk:20.0.0] AndroidManifest.xml:22:5-23:19
MERGED from [com.google.android.gms:play-services-measurement-sdk:20.0.0] AndroidManifest.xml:22:5-23:19
MERGED from [com.google.android.gms:play-services-tasks:17.1.0] AndroidManifest.xml:7:5-20
MERGED from [com.google.android.gms:play-services-tasks:17.1.0] AndroidManifest.xml:7:5-20
MERGED from [com.google.android.gms:play-services-measurement-impl:20.0.0] AndroidManifest.xml:28:5-29:19
MERGED from [com.google.android.gms:play-services-measurement-impl:20.0.0] AndroidManifest.xml:28:5-29:19
MERGED from [com.google.android.gms:play-services-ads-identifier:17.0.0] AndroidManifest.xml:22:5-20
MERGED from [com.google.android.gms:play-services-ads-identifier:17.0.0] AndroidManifest.xml:22:5-20
MERGED from [com.google.android.gms:play-services-measurement-base:20.0.0] AndroidManifest.xml:7:5-20
MERGED from [com.google.android.gms:play-services-measurement-base:20.0.0] AndroidManifest.xml:7:5-20
MERGED from [com.google.android.gms:play-services-stats:17.0.0] AndroidManifest.xml:7:5-20
MERGED from [com.google.android.gms:play-services-stats:17.0.0] AndroidManifest.xml:7:5-20
MERGED from [com.google.firebase:firebase-measurement-connector:19.0.0] AndroidManifest.xml:22:5-23:19
MERGED from [com.google.firebase:firebase-measurement-connector:19.0.0] AndroidManifest.xml:22:5-23:19
MERGED from [com.google.android.gms:play-services-basement:17.3.0] AndroidManifest.xml:22:5-26:19
MERGED from [com.google.android.gms:play-services-basement:17.3.0] AndroidManifest.xml:22:5-26:19
MERGED from [androidx.core:core:1.6.0] AndroidManifest.xml:24:5-89
MERGED from [androidx.core:core:1.6.0] AndroidManifest.xml:24:5-89
MERGED from [androidx.versionedparcelable:versionedparcelable:1.1.1] AndroidManifest.xml:24:5-25:19
MERGED from [androidx.versionedparcelable:versionedparcelable:1.1.1] AndroidManifest.xml:24:5-25:19
MERGED from [com.github.bumptech.glide:gifdecoder:4.11.0] AndroidManifest.xml:9:5-20
MERGED from [com.github.bumptech.glide:gifdecoder:4.11.0] AndroidManifest.xml:9:5-20
MERGED from [androidx.constraintlayout:constraintlayout:1.1.3] AndroidManifest.xml:9:5-20
MERGED from [androidx.constraintlayout:constraintlayout:1.1.3] AndroidManifest.xml:9:5-20
	android:appComponentFactory
		ADDED from [androidx.core:core:1.6.0] AndroidManifest.xml:24:18-86
	android:label
		ADDED from src\main\AndroidManifest.xml:14:9-35
	android:icon
		ADDED from src\main\AndroidManifest.xml:15:9-43
activity#com.example.facebookui.MainActivity
ADDED from src\main\AndroidManifest.xml:16:9-42:20
	android:launchMode
		ADDED from src\main\AndroidManifest.xml:18:13-43
	android:hardwareAccelerated
		ADDED from src\main\AndroidManifest.xml:21:13-47
	android:windowSoftInputMode
		ADDED from src\main\AndroidManifest.xml:22:13-55
	android:configChanges
		ADDED from src\main\AndroidManifest.xml:20:13-163
	android:theme
		ADDED from src\main\AndroidManifest.xml:19:13-47
	android:name
		ADDED from src\main\AndroidManifest.xml:17:13-41
meta-data#io.flutter.embedding.android.NormalTheme
ADDED from src\main\AndroidManifest.xml:27:13-29:57
	android:resource
		ADDED from src\main\AndroidManifest.xml:29:17-54
	android:name
		ADDED from src\main\AndroidManifest.xml:28:17-72
meta-data#io.flutter.embedding.android.SplashScreenDrawable
ADDED from src\main\AndroidManifest.xml:35:13-37:66
	android:resource
		ADDED from src\main\AndroidManifest.xml:37:17-63
	android:name
		ADDED from src\main\AndroidManifest.xml:36:17-81
intent-filter#action:name:android.intent.action.MAIN+category:name:android.intent.category.LAUNCHER
ADDED from src\main\AndroidManifest.xml:38:13-41:29
action#android.intent.action.MAIN
ADDED from src\main\AndroidManifest.xml:39:17-69
	android:name
		ADDED from src\main\AndroidManifest.xml:39:25-66
category#android.intent.category.LAUNCHER
ADDED from src\main\AndroidManifest.xml:40:17-77
	android:name
		ADDED from src\main\AndroidManifest.xml:40:27-74
meta-data#flutterEmbedding
ADDED from src\main\AndroidManifest.xml:45:9-47:33
	android:value
		ADDED from src\main\AndroidManifest.xml:47:13-30
	android:name
		ADDED from src\main\AndroidManifest.xml:46:13-44
uses-sdk
INJECTED from src\main\AndroidManifest.xml reason: use-sdk injection requested
INJECTED from src\main\AndroidManifest.xml
INJECTED from src\main\AndroidManifest.xml
MERGED from [:cloud_firestore] AndroidManifest.xml:5:5-44
MERGED from [:cloud_firestore] AndroidManifest.xml:5:5-44
MERGED from [:firebase_auth] AndroidManifest.xml:5:5-44
MERGED from [:firebase_auth] AndroidManifest.xml:5:5-44
MERGED from [:firebase_storage] AndroidManifest.xml:5:5-44
MERGED from [:firebase_storage] AndroidManifest.xml:5:5-44
MERGED from [:firebase_core] AndroidManifest.xml:5:5-44
MERGED from [:firebase_core] AndroidManifest.xml:5:5-44
MERGED from [:image_picker] AndroidManifest.xml:5:5-44
MERGED from [:image_picker] AndroidManifest.xml:5:5-44
MERGED from [:flutter_plugin_android_lifecycle] AndroidManifest.xml:5:5-44
MERGED from [:flutter_plugin_android_lifecycle] AndroidManifest.xml:5:5-44
MERGED from [:url_launcher_android] AndroidManifest.xml:5:5-44
MERGED from [:url_launcher_android] AndroidManifest.xml:5:5-44
MERGED from [:flutter_chat_bubble] AndroidManifest.xml:5:5-44
MERGED from [:flutter_chat_bubble] AndroidManifest.xml:5:5-44
MERGED from [:flutter_inappwebview] AndroidManifest.xml:5:5-44
MERGED from [:flutter_inappwebview] AndroidManifest.xml:5:5-44
MERGED from [:agora_rtc_engine] AndroidManifest.xml:6:5-8:41
MERGED from [:agora_rtc_engine] AndroidManifest.xml:6:5-8:41
MERGED from [:permission_handler] AndroidManifest.xml:5:5-44
MERGED from [:permission_handler] AndroidManifest.xml:5:5-44
MERGED from [:google_sign_in] AndroidManifest.xml:5:5-44
MERGED from [:google_sign_in] AndroidManifest.xml:5:5-44
MERGED from [com.google.firebase:firebase-analytics:20.0.0] AndroidManifest.xml:5:5-44
MERGED from [com.google.firebase:firebase-analytics:20.0.0] AndroidManifest.xml:5:5-44
MERGED from [com.google.firebase:firebase-inappmessaging-display:20.1.1] AndroidManifest.xml:7:5-9:41
MERGED from [com.google.firebase:firebase-inappmessaging-display:20.1.1] AndroidManifest.xml:7:5-9:41
MERGED from [com.google.firebase:firebase-firestore:24.0.0] AndroidManifest.xml:7:5-9:41
MERGED from [com.google.firebase:firebase-firestore:24.0.0] AndroidManifest.xml:7:5-9:41
MERGED from [io.grpc:grpc-android:1.41.0] AndroidManifest.xml:7:5-9:41
MERGED from [io.grpc:grpc-android:1.41.0] AndroidManifest.xml:7:5-9:41
MERGED from [com.google.firebase:firebase-inappmessaging:20.1.1] AndroidManifest.xml:6:5-8:41
MERGED from [com.google.firebase:firebase-inappmessaging:20.1.1] AndroidManifest.xml:6:5-8:41
MERGED from [com.google.firebase:firebase-datatransport:18.1.0] AndroidManifest.xml:19:5-21:41
MERGED from [com.google.firebase:firebase-datatransport:18.1.0] AndroidManifest.xml:19:5-21:41
MERGED from [com.google.android.datatransport:transport-backend-cct:3.1.0] AndroidManifest.xml:19:5-21:41
MERGED from [com.google.android.datatransport:transport-backend-cct:3.1.0] AndroidManifest.xml:19:5-21:41
MERGED from [com.google.android.datatransport:transport-runtime:3.1.0] AndroidManifest.xml:18:5-20:41
MERGED from [com.google.android.datatransport:transport-runtime:3.1.0] AndroidManifest.xml:18:5-20:41
MERGED from [com.google.firebase:firebase-encoders-json:18.0.0] AndroidManifest.xml:19:5-21:41
MERGED from [com.google.firebase:firebase-encoders-json:18.0.0] AndroidManifest.xml:19:5-21:41
MERGED from [com.google.firebase:firebase-auth:21.0.1] AndroidManifest.xml:21:5-44
MERGED from [com.google.firebase:firebase-auth:21.0.1] AndroidManifest.xml:21:5-44
MERGED from [com.google.firebase:firebase-storage:20.0.0] AndroidManifest.xml:20:5-22:41
MERGED from [com.google.firebase:firebase-storage:20.0.0] AndroidManifest.xml:20:5-22:41
MERGED from [com.google.android.gms:play-services-measurement-api:20.0.0] AndroidManifest.xml:20:5-44
MERGED from [com.google.android.gms:play-services-measurement-api:20.0.0] AndroidManifest.xml:20:5-44
MERGED from [com.google.firebase:firebase-appcheck-interop:16.0.0-beta02] AndroidManifest.xml:19:5-21:41
MERGED from [com.google.firebase:firebase-appcheck-interop:16.0.0-beta02] AndroidManifest.xml:19:5-21:41
MERGED from [com.google.firebase:firebase-auth-interop:20.0.0] AndroidManifest.xml:5:5-44
MERGED from [com.google.firebase:firebase-auth-interop:20.0.0] AndroidManifest.xml:5:5-44
MERGED from [com.google.firebase:firebase-installations:17.0.0] AndroidManifest.xml:6:5-8:41
MERGED from [com.google.firebase:firebase-installations:17.0.0] AndroidManifest.xml:6:5-8:41
MERGED from [com.google.firebase:firebase-abt:21.0.0] AndroidManifest.xml:6:5-8:41
MERGED from [com.google.firebase:firebase-abt:21.0.0] AndroidManifest.xml:6:5-8:41
MERGED from [com.google.firebase:firebase-common:20.0.0] AndroidManifest.xml:20:5-22:41
MERGED from [com.google.firebase:firebase-common:20.0.0] AndroidManifest.xml:20:5-22:41
MERGED from [com.github.bumptech.glide:glide:4.11.0] AndroidManifest.xml:6:5-8:41
MERGED from [com.github.bumptech.glide:glide:4.11.0] AndroidManifest.xml:6:5-8:41
MERGED from [androidx.exifinterface:exifinterface:1.3.0] AndroidManifest.xml:20:5-22:41
MERGED from [androidx.exifinterface:exifinterface:1.3.0] AndroidManifest.xml:20:5-22:41
MERGED from [androidx.webkit:webkit:1.4.0] AndroidManifest.xml:20:5-22:41
MERGED from [androidx.webkit:webkit:1.4.0] AndroidManifest.xml:20:5-22:41
MERGED from [androidx.browser:browser:1.3.0] AndroidManifest.xml:20:5-22:41
MERGED from [androidx.browser:browser:1.3.0] AndroidManifest.xml:20:5-22:41